<?xml version="1.0" encoding="UTF-8"?>
<!-- Generated by org.testng.reporters.JUnitReportReporter -->
<testsuite hostname="LAPTOP-VG34L766" failures="0" tests="1" name="com.chromer.GmailDeleteTest" time="24.593" errors="0" timestamp="2025-04-25T21:47:53 WIB" skipped="0">
  <testcase classname="com.chromer.GmailDeleteTest" name="deleteEmailFromGmail" time="24.593"/>
</testsuite> <!-- com.chromer.GmailDeleteTest -->
